<?xml version="1.0" encoding="UTF-8"?>
<!-- Generated by org.testng.reporters.JUnitReportReporter -->
<testsuite hostname="DESKTOP-USER" failures="0" tests="4" name="tests.BookAFlightTest" time="12.098" errors="0" timestamp="2021-09-30T19:06:36 IST" skipped="0">
  <testcase classname="tests.BookAFlightTest" name="searchForFlights" time="4.052"/>
  <system-out/>
  <testcase classname="tests.BookAFlightTest" name="chooseFlight" time="5.396"/>
  <system-out/>
  <testcase classname="tests.BookAFlightTest" name="purchaseTicket" time="2.533"/>
  <system-out/>
  <testcase classname="tests.BookAFlightTest" name="bookingConfirmed" time="0.117"/>
  <system-out/>
</testsuite> <!-- tests.BookAFlightTest -->
