<?xml version="1.0" encoding="UTF-8"?>
<!-- Generated by org.testng.reporters.JUnitReportReporter -->
<testsuite hostname="DESKTOP-USER" failures="0" tests="4" name="tests.BookAFlight" time="9.525" errors="0" timestamp="2021-09-30T19:03:29 IST" skipped="0">
  <testcase classname="tests.BookAFlight" name="searchForFlights" time="5.333"/>
  <system-out/>
  <testcase classname="tests.BookAFlight" name="chooseFlight" time="1.717"/>
  <system-out/>
  <testcase classname="tests.BookAFlight" name="purchaseTicket" time="2.368"/>
  <system-out/>
  <testcase classname="tests.BookAFlight" name="bookingConfirmed" time="0.107"/>
  <system-out/>
</testsuite> <!-- tests.BookAFlight -->
