<?xml version="1.0" encoding="UTF-8"?>
<!-- Generated by org.testng.reporters.JUnitReportReporter -->
<testsuite hostname="DESKTOP-USER" failures="0" tests="1" name="blazedemo.flightticketbooking.TravelAgency" time="11.881" errors="0" timestamp="2021-09-30T13:41:29 IST" skipped="0">
  <testcase classname="blazedemo.flightticketbooking.TravelAgency" name="HomePageNavigation" time="11.881"/>
  <system-out/>
</testsuite> <!-- blazedemo.flightticketbooking.TravelAgency -->
