<?xml version="1.0" encoding="UTF-8"?>
<!-- Generated by org.testng.reporters.JUnitReportReporter -->
<testsuite hostname="DESKTOP-USER" failures="0" tests="1" name="tests.BaseTest" time="0.031" errors="0" timestamp="2021-09-30T15:19:41 IST" skipped="0">
  <testcase classname="tests.BaseTest" name="f" time="0.031"/>
  <system-out/>
</testsuite> <!-- tests.BaseTest -->
