<?xml version="1.0" encoding="UTF-8"?>
<!-- Generated by org.testng.reporters.JUnitReportReporter -->
<testsuite hostname="DESKTOP-USER" failures="0" tests="1" name="blazedemo.flightticketbooking.selectFlight" time="7.692" errors="0" timestamp="2021-09-30T16:27:03 IST" skipped="0">
  <testcase classname="blazedemo.flightticketbooking.selectFlight" name="chooseOption" time="7.692"/>
  <system-out/>
</testsuite> <!-- blazedemo.flightticketbooking.selectFlight -->
